0 info it worked if it ends with ok
1 verbose cli [ '/Users/albertoeyocastro-rial/.nvm/versions/node/v7.3.0/bin/node',
1 verbose cli   '/Users/albertoeyocastro-rial/.nvm/versions/node/v7.3.0/bin/npm',
1 verbose cli   'run',
1 verbose cli   'coverage' ]
2 info using npm@3.10.10
3 info using node@v7.3.0
4 verbose run-script [ 'precoverage', 'coverage', 'postcoverage' ]
5 info lifecycle mongomart@0.2.0-alpha.4~precoverage: mongomart@0.2.0-alpha.4
6 silly lifecycle mongomart@0.2.0-alpha.4~precoverage: no script for precoverage, continuing
7 info lifecycle mongomart@0.2.0-alpha.4~coverage: mongomart@0.2.0-alpha.4
8 verbose lifecycle mongomart@0.2.0-alpha.4~coverage: unsafe-perm in lifecycle true
9 verbose lifecycle mongomart@0.2.0-alpha.4~coverage: PATH: /Users/albertoeyocastro-rial/.nvm/versions/node/v7.3.0/lib/node_modules/npm/bin/node-gyp-bin:/Users/albertoeyocastro-rial/OneDrive/MongoDBUniversity/M101JS/week7/mongomart/node_modules/.bin:/Users/albertoeyocastro-rial/.nvm/versions/node/v7.3.0/bin:/Users/albertoeyocastro-rial/google-cloud-sdk/bin:/Users/albertoeyocastro-rial/.jenv/shims:/Users/albertoeyocastro-rial/.jenv/bin:/Users/albertoeyocastro-rial/.gem/bin:/Library/Frameworks/Python.framework/Versions/3.6/bin:/usr/local/bin:/usr/bin:/bin:/usr/sbin:/sbin:/opt/gradle/gradle-4.0.1/bin:/opt/mongodb-osx-x86_64-3.6.4/bin:/opt/apache-maven-3.5.0/bin:/Users/albertoeyocastro-rial/mongo/bin:/usr/local/Cellar/rabbitmq/3.7.6_1/sbin:/Applications/Visual Studio Code.app/Contents/Resources/app/bin
10 verbose lifecycle mongomart@0.2.0-alpha.4~coverage: CWD: /Users/albertoeyocastro-rial/OneDrive/MongoDBUniversity/M101JS/week7/mongomart
11 silly lifecycle mongomart@0.2.0-alpha.4~coverage: Args: [ '-c',
11 silly lifecycle   'istanbul cover --report lcovonly --report html --dir coverage ./node_modules/.bin/_mocha' ]
12 silly lifecycle mongomart@0.2.0-alpha.4~coverage: Returned: code: 1  signal: null
13 info lifecycle mongomart@0.2.0-alpha.4~coverage: Failed to exec coverage script
14 verbose stack Error: mongomart@0.2.0-alpha.4 coverage: `istanbul cover --report lcovonly --report html --dir coverage ./node_modules/.bin/_mocha`
14 verbose stack Exit status 1
14 verbose stack     at EventEmitter.<anonymous> (/Users/albertoeyocastro-rial/.nvm/versions/node/v7.3.0/lib/node_modules/npm/lib/utils/lifecycle.js:255:16)
14 verbose stack     at emitTwo (events.js:106:13)
14 verbose stack     at EventEmitter.emit (events.js:191:7)
14 verbose stack     at ChildProcess.<anonymous> (/Users/albertoeyocastro-rial/.nvm/versions/node/v7.3.0/lib/node_modules/npm/lib/utils/spawn.js:40:14)
14 verbose stack     at emitTwo (events.js:106:13)
14 verbose stack     at ChildProcess.emit (events.js:191:7)
14 verbose stack     at maybeClose (internal/child_process.js:885:16)
14 verbose stack     at Process.ChildProcess._handle.onexit (internal/child_process.js:226:5)
15 verbose pkgid mongomart@0.2.0-alpha.4
16 verbose cwd /Users/albertoeyocastro-rial/OneDrive/MongoDBUniversity/M101JS/week7/mongomart
17 error Darwin 17.6.0
18 error argv "/Users/albertoeyocastro-rial/.nvm/versions/node/v7.3.0/bin/node" "/Users/albertoeyocastro-rial/.nvm/versions/node/v7.3.0/bin/npm" "run" "coverage"
19 error node v7.3.0
20 error npm  v3.10.10
21 error code ELIFECYCLE
22 error mongomart@0.2.0-alpha.4 coverage: `istanbul cover --report lcovonly --report html --dir coverage ./node_modules/.bin/_mocha`
22 error Exit status 1
23 error Failed at the mongomart@0.2.0-alpha.4 coverage script 'istanbul cover --report lcovonly --report html --dir coverage ./node_modules/.bin/_mocha'.
23 error Make sure you have the latest version of node.js and npm installed.
23 error If you do, this is most likely a problem with the mongomart package,
23 error not with npm itself.
23 error Tell the author that this fails on your system:
23 error     istanbul cover --report lcovonly --report html --dir coverage ./node_modules/.bin/_mocha
23 error You can get information on how to open an issue for this project with:
23 error     npm bugs mongomart
23 error Or if that isn't available, you can get their info via:
23 error     npm owner ls mongomart
23 error There is likely additional logging output above.
24 verbose exit [ 1, true ]
